2020-06-19 16:23:22 INFO  login 35 - Web app launched
2020-06-19 16:23:30 INFO  setup 36 - app launched
2020-06-19 16:23:34 INFO  setup 49 - user login
2020-06-19 16:23:34 INFO  setup 52 - user in profile page
2020-06-19 16:23:41 INFO  logout 35 - app launched
2020-06-19 16:23:41 INFO  logout 48 - user login
2020-06-19 16:23:45 INFO  logout 53 - user logout
2020-06-19 16:25:04 INFO  login 35 - Web app launched
2020-06-19 16:25:12 INFO  setup 36 - app launched
2020-06-19 16:25:16 INFO  setup 49 - user login
2020-06-19 16:25:17 INFO  setup 52 - user in profile page
2020-06-19 16:25:23 INFO  logout 35 - app launched
2020-06-19 16:25:24 INFO  logout 48 - user login
2020-06-19 16:25:28 INFO  logout 53 - user logout
2020-06-19 16:27:17 INFO  login 35 - Web app launched
2020-06-19 16:27:25 INFO  setup 36 - app launched
2020-06-19 16:27:37 INFO  logout 35 - app launched
2020-06-19 16:27:39 INFO  logout 48 - user login
2020-06-19 16:27:42 INFO  logout 53 - user logout
2020-06-19 16:28:08 INFO  setup 36 - app launched
2020-06-19 16:28:13 INFO  setup 49 - user login
2020-06-19 16:28:13 INFO  setup 52 - user in profile page
2020-06-19 16:29:23 INFO  login 35 - Web app launched
2020-06-19 16:29:33 INFO  setup 36 - app launched
2020-06-19 16:29:37 INFO  setup 49 - user login
2020-06-19 16:29:38 INFO  setup 52 - user in profile page
2020-06-19 16:29:44 INFO  logout 35 - app launched
2020-06-19 16:29:45 INFO  logout 48 - user login
2020-06-19 16:29:59 INFO  logout 53 - user logout
2020-06-19 16:36:00 INFO  login 35 - Web app launched
2020-06-19 16:36:32 INFO  login 35 - Web app launched
2020-06-19 16:37:33 INFO  login 35 - Web app launched
2020-06-19 16:40:26 INFO  login 35 - Web app launched
2020-06-19 16:41:54 INFO  login 35 - Web app launched
2020-06-19 16:42:00 INFO  setup 36 - app launched
2020-06-19 16:42:06 INFO  logout 35 - app launched
2020-06-19 16:42:29 INFO  setup 36 - app launched
2020-06-19 16:42:42 INFO  setup 36 - app launched
2020-06-19 16:43:15 INFO  setup 36 - app launched
2020-06-19 16:43:20 INFO  setup 49 - user login
2020-06-19 16:43:20 INFO  setup 52 - user in profile page
2020-06-19 16:43:34 INFO  login 35 - Web app launched
2020-06-19 16:43:43 INFO  setup 36 - app launched
2020-06-19 16:43:48 INFO  setup 49 - user login
2020-06-19 16:43:48 INFO  setup 52 - user in profile page
2020-06-19 16:43:55 INFO  logout 35 - app launched
2020-06-19 16:43:56 INFO  logout 48 - user login
2020-06-19 16:43:59 INFO  logout 53 - user logout
2020-06-19 16:44:53 INFO  login 35 - Web app launched
2020-06-19 16:45:01 INFO  setup 36 - app launched
2020-06-19 16:45:05 INFO  setup 49 - user login
2020-06-19 16:45:05 INFO  setup 52 - user in profile page
2020-06-19 16:45:11 INFO  logout 35 - app launched
2020-06-19 16:45:12 INFO  logout 48 - user login
2020-06-19 16:45:16 INFO  logout 53 - user logout
2020-06-19 16:46:18 INFO  login 35 - Web app launched
2020-06-19 16:46:27 INFO  setup 36 - app launched
2020-06-19 16:46:32 INFO  setup 49 - user login
2020-06-19 16:46:33 INFO  setup 52 - user in profile page
2020-06-19 16:46:39 INFO  logout 35 - app launched
2020-06-19 16:46:42 INFO  logout 48 - user login
2020-06-19 16:46:44 INFO  logout 53 - user logout
2020-06-19 17:24:10 INFO  login 35 - Web app launched
2020-06-19 17:24:18 INFO  setup 36 - app launched
2020-06-19 17:24:23 INFO  setup 49 - user login
2020-06-19 17:24:23 INFO  setup 52 - user in profile page
2020-06-19 17:24:29 INFO  logout 35 - app launched
2020-06-19 17:24:30 INFO  logout 48 - user login
2020-06-19 17:24:35 INFO  logout 53 - user logout
2020-06-19 17:25:35 INFO  login 35 - Web app launched
2020-06-19 17:25:43 INFO  setup 36 - app launched
2020-06-19 17:25:47 INFO  setup 49 - user login
2020-06-19 17:25:48 INFO  setup 52 - user in profile page
2020-06-19 17:25:53 INFO  logout 35 - app launched
2020-06-19 17:25:54 INFO  logout 48 - user login
2020-06-19 17:25:58 INFO  logout 53 - user logout
2020-06-19 17:27:42 INFO  login 35 - Web app launched
2020-06-19 17:27:51 INFO  setup 36 - app launched
2020-06-19 17:27:55 INFO  setup 49 - user login
2020-06-19 17:27:56 INFO  setup 52 - user in profile page
2020-06-19 17:28:03 INFO  logout 35 - app launched
2020-06-19 17:28:04 INFO  logout 48 - user login
2020-06-19 17:28:08 INFO  logout 53 - user logout
2020-06-19 17:31:39 INFO  login 35 - Web app launched
2020-06-19 17:31:48 INFO  setup 36 - app launched
2020-06-19 17:31:52 INFO  setup 49 - user login
2020-06-19 17:31:53 INFO  setup 52 - user in profile page
2020-06-19 17:31:59 INFO  logout 35 - app launched
2020-06-19 17:32:00 INFO  logout 48 - user login
2020-06-19 17:32:03 INFO  logout 53 - user logout
2020-06-19 17:33:16 INFO  login 35 - Web app launched
2020-06-19 17:33:24 INFO  setup 36 - app launched
2020-06-19 17:33:28 INFO  setup 49 - user login
2020-06-19 17:33:29 INFO  setup 52 - user in profile page
2020-06-19 17:33:36 INFO  logout 35 - app launched
2020-06-19 17:33:36 INFO  logout 48 - user login
2020-06-19 17:36:16 INFO  login 35 - Web app launched
2020-06-19 17:36:24 INFO  setup 36 - app launched
2020-06-19 17:36:29 INFO  setup 49 - user login
2020-06-19 17:36:29 INFO  setup 52 - user in profile page
2020-06-19 17:36:35 INFO  logout 35 - app launched
2020-06-19 17:36:36 INFO  logout 48 - user login
2020-06-19 17:36:39 INFO  logout 53 - user logout
2020-06-19 17:40:50 INFO  login 35 - Web app launched
2020-06-19 17:41:01 INFO  setup 36 - app launched
2020-06-19 17:41:06 INFO  setup 49 - user login
2020-06-19 17:41:07 INFO  setup 52 - user in profile page
2020-06-19 17:41:14 INFO  logout 35 - app launched
2020-06-19 17:41:16 INFO  logout 48 - user login
2020-06-19 17:41:20 INFO  logout 53 - user logout
